Analysis & Synthesis report for 8BitComputer
Mon Jun 15 18:37:50 2020
Quartus Prime Version 19.1.0 Build 670 09/22/2019 SJ Lite Edition


---------------------
; Table of Contents ;
---------------------
  1. Legal Notice
  2. Analysis & Synthesis Summary
  3. Analysis & Synthesis Settings
  4. Parallel Compilation
  5. Analysis & Synthesis Source Files Read
  6. Analysis & Synthesis Resource Usage Summary
  7. Analysis & Synthesis Resource Utilization by Entity
  8. User-Specified and Inferred Latches
  9. General Register Statistics
 10. Multiplexer Restructuring Statistics (Restructuring Performed)
 11. Parameter Settings for User Entity Instance: Top-level Entity: |main
 12. Post-Synthesis Netlist Statistics for Top Partition
 13. Elapsed Time Per Partition
 14. Analysis & Synthesis Messages



----------------
; Legal Notice ;
----------------
Copyright (C) 2019  Intel Corporation. All rights reserved.
Your use of Intel Corporation's design tools, logic functions 
and other software and tools, and any partner logic 
functions, and any output files from any of the foregoing 
(including device programming or simulation files), and any 
associated documentation or information are expressly subject 
to the terms and conditions of the Intel Program License 
Subscription Agreement, the Intel Quartus Prime License Agreement,
the Intel FPGA IP License Agreement, or other applicable license
agreement, including, without limitation, that your use is for
the sole purpose of programming logic devices manufactured by
Intel and sold by Intel or its authorized distributors.  Please
refer to the applicable agreement for further details, at
https://fpgasoftware.intel.com/eula.



+----------------------------------------------------------------------------------+
; Analysis & Synthesis Summary                                                     ;
+------------------------------------+---------------------------------------------+
; Analysis & Synthesis Status        ; Successful - Mon Jun 15 18:37:50 2020       ;
; Quartus Prime Version              ; 19.1.0 Build 670 09/22/2019 SJ Lite Edition ;
; Revision Name                      ; 8BitComputer                                ;
; Top-level Entity Name              ; main                                        ;
; Family                             ; Cyclone IV E                                ;
; Total logic elements               ; 213                                         ;
;     Total combinational functions  ; 189                                         ;
;     Dedicated logic registers      ; 96                                          ;
; Total registers                    ; 96                                          ;
; Total pins                         ; 42                                          ;
; Total virtual pins                 ; 0                                           ;
; Total memory bits                  ; 0                                           ;
; Embedded Multiplier 9-bit elements ; 0                                           ;
; Total PLLs                         ; 0                                           ;
+------------------------------------+---------------------------------------------+


+------------------------------------------------------------------------------------------------------------+
; Analysis & Synthesis Settings                                                                              ;
+------------------------------------------------------------------+--------------------+--------------------+
; Option                                                           ; Setting            ; Default Value      ;
+------------------------------------------------------------------+--------------------+--------------------+
; Device                                                           ; EP4CE22F17C6       ;                    ;
; Top-level entity name                                            ; main               ; 8BitComputer       ;
; Family name                                                      ; Cyclone IV E       ; Cyclone V          ;
; Use smart compilation                                            ; Off                ; Off                ;
; Enable parallel Assembler and Timing Analyzer during compilation ; On                 ; On                 ;
; Enable compact report table                                      ; Off                ; Off                ;
; Restructure Multiplexers                                         ; Auto               ; Auto               ;
; Create Debugging Nodes for IP Cores                              ; Off                ; Off                ;
; Preserve fewer node names                                        ; On                 ; On                 ;
; Intel FPGA IP Evaluation Mode                                    ; Enable             ; Enable             ;
; Verilog Version                                                  ; Verilog_2001       ; Verilog_2001       ;
; VHDL Version                                                     ; VHDL_1993          ; VHDL_1993          ;
; State Machine Processing                                         ; Auto               ; Auto               ;
; Safe State Machine                                               ; Off                ; Off                ;
; Extract Verilog State Machines                                   ; On                 ; On                 ;
; Extract VHDL State Machines                                      ; On                 ; On                 ;
; Ignore Verilog initial constructs                                ; Off                ; Off                ;
; Iteration limit for constant Verilog loops                       ; 5000               ; 5000               ;
; Iteration limit for non-constant Verilog loops                   ; 250                ; 250                ;
; Add Pass-Through Logic to Inferred RAMs                          ; On                 ; On                 ;
; Infer RAMs from Raw Logic                                        ; On                 ; On                 ;
; Parallel Synthesis                                               ; On                 ; On                 ;
; DSP Block Balancing                                              ; Auto               ; Auto               ;
; NOT Gate Push-Back                                               ; On                 ; On                 ;
; Power-Up Don't Care                                              ; On                 ; On                 ;
; Remove Redundant Logic Cells                                     ; Off                ; Off                ;
; Remove Duplicate Registers                                       ; On                 ; On                 ;
; Ignore CARRY Buffers                                             ; Off                ; Off                ;
; Ignore CASCADE Buffers                                           ; Off                ; Off                ;
; Ignore GLOBAL Buffers                                            ; Off                ; Off                ;
; Ignore ROW GLOBAL Buffers                                        ; Off                ; Off                ;
; Ignore LCELL Buffers                                             ; Off                ; Off                ;
; Ignore SOFT Buffers                                              ; On                 ; On                 ;
; Limit AHDL Integers to 32 Bits                                   ; Off                ; Off                ;
; Optimization Technique                                           ; Balanced           ; Balanced           ;
; Carry Chain Length                                               ; 70                 ; 70                 ;
; Auto Carry Chains                                                ; On                 ; On                 ;
; Auto Open-Drain Pins                                             ; On                 ; On                 ;
; Perform WYSIWYG Primitive Resynthesis                            ; Off                ; Off                ;
; Auto ROM Replacement                                             ; On                 ; On                 ;
; Auto RAM Replacement                                             ; On                 ; On                 ;
; Auto DSP Block Replacement                                       ; On                 ; On                 ;
; Auto Shift Register Replacement                                  ; Auto               ; Auto               ;
; Allow Shift Register Merging across Hierarchies                  ; Auto               ; Auto               ;
; Auto Clock Enable Replacement                                    ; On                 ; On                 ;
; Strict RAM Replacement                                           ; Off                ; Off                ;
; Allow Synchronous Control Signals                                ; On                 ; On                 ;
; Force Use of Synchronous Clear Signals                           ; Off                ; Off                ;
; Auto RAM Block Balancing                                         ; On                 ; On                 ;
; Auto RAM to Logic Cell Conversion                                ; Off                ; Off                ;
; Auto Resource Sharing                                            ; Off                ; Off                ;
; Allow Any RAM Size For Recognition                               ; Off                ; Off                ;
; Allow Any ROM Size For Recognition                               ; Off                ; Off                ;
; Allow Any Shift Register Size For Recognition                    ; Off                ; Off                ;
; Use LogicLock Constraints during Resource Balancing              ; On                 ; On                 ;
; Ignore translate_off and synthesis_off directives                ; Off                ; Off                ;
; Timing-Driven Synthesis                                          ; On                 ; On                 ;
; Report Parameter Settings                                        ; On                 ; On                 ;
; Report Source Assignments                                        ; On                 ; On                 ;
; Report Connectivity Checks                                       ; On                 ; On                 ;
; Ignore Maximum Fan-Out Assignments                               ; Off                ; Off                ;
; Synchronization Register Chain Length                            ; 2                  ; 2                  ;
; Power Optimization During Synthesis                              ; Normal compilation ; Normal compilation ;
; HDL message level                                                ; Level2             ; Level2             ;
; Suppress Register Optimization Related Messages                  ; Off                ; Off                ;
; Number of Removed Registers Reported in Synthesis Report         ; 5000               ; 5000               ;
; Number of Swept Nodes Reported in Synthesis Report               ; 5000               ; 5000               ;
; Number of Inverted Registers Reported in Synthesis Report        ; 100                ; 100                ;
; Clock MUX Protection                                             ; On                 ; On                 ;
; Auto Gated Clock Conversion                                      ; Off                ; Off                ;
; Block Design Naming                                              ; Auto               ; Auto               ;
; SDC constraint protection                                        ; Off                ; Off                ;
; Synthesis Effort                                                 ; Auto               ; Auto               ;
; Shift Register Replacement - Allow Asynchronous Clear Signal     ; On                 ; On                 ;
; Pre-Mapping Resynthesis Optimization                             ; Off                ; Off                ;
; Analysis & Synthesis Message Level                               ; Medium             ; Medium             ;
; Disable Register Merging Across Hierarchies                      ; Auto               ; Auto               ;
; Resource Aware Inference For Block RAM                           ; On                 ; On                 ;
+------------------------------------------------------------------+--------------------+--------------------+


+------------------------------------------+
; Parallel Compilation                     ;
+----------------------------+-------------+
; Processors                 ; Number      ;
+----------------------------+-------------+
; Number detected on machine ; 4           ;
; Maximum allowed            ; 4           ;
;                            ;             ;
; Average used               ; 1.00        ;
; Maximum used               ; 4           ;
;                            ;             ;
; Usage by Processor         ; % Time Used ;
;     Processor 1            ; 100.0%      ;
;     Processor 2            ;   0.1%      ;
;     Processors 3-4         ;   0.1%      ;
+----------------------------+-------------+


+----------------------------------------------------------------------------------------------------------------------------------------------------------+
; Analysis & Synthesis Source Files Read                                                                                                                   ;
+----------------------------------+-----------------+------------------------------+------------------------------------------------------------+---------+
; File Name with User-Entered Path ; Used in Netlist ; File Type                    ; File Name with Absolute Path                               ; Library ;
+----------------------------------+-----------------+------------------------------+------------------------------------------------------------+---------+
; ProgramCounter.v                 ; yes             ; User Verilog HDL File        ; /home/tom/Documents/8bit Computer/Quartus/ProgramCounter.v ;         ;
; main.sv                          ; yes             ; User SystemVerilog HDL File  ; /home/tom/Documents/8bit Computer/Quartus/main.sv          ;         ;
; Accumulator.v                    ; yes             ; User Verilog HDL File        ; /home/tom/Documents/8bit Computer/Quartus/Accumulator.v    ;         ;
; AddSubtract.v                    ; yes             ; User Verilog HDL File        ; /home/tom/Documents/8bit Computer/Quartus/AddSubtract.v    ;         ;
; BUS.v                            ; yes             ; User Verilog HDL File        ; /home/tom/Documents/8bit Computer/Quartus/BUS.v            ;         ;
; BRegister.v                      ; yes             ; User Verilog HDL File        ; /home/tom/Documents/8bit Computer/Quartus/BRegister.v      ;         ;
+----------------------------------+-----------------+------------------------------+------------------------------------------------------------+---------+


+---------------------------------------------------------+
; Analysis & Synthesis Resource Usage Summary             ;
+---------------------------------------------+-----------+
; Resource                                    ; Usage     ;
+---------------------------------------------+-----------+
; Estimated Total logic elements              ; 213       ;
;                                             ;           ;
; Total combinational functions               ; 189       ;
; Logic element usage by number of LUT inputs ;           ;
;     -- 4 input functions                    ; 67        ;
;     -- 3 input functions                    ; 79        ;
;     -- <=2 input functions                  ; 43        ;
;                                             ;           ;
; Logic elements by mode                      ;           ;
;     -- normal mode                          ; 166       ;
;     -- arithmetic mode                      ; 23        ;
;                                             ;           ;
; Total registers                             ; 96        ;
;     -- Dedicated logic registers            ; 96        ;
;     -- I/O registers                        ; 0         ;
;                                             ;           ;
; I/O pins                                    ; 42        ;
;                                             ;           ;
; Embedded Multiplier 9-bit elements          ; 0         ;
;                                             ;           ;
; Maximum fan-out node                        ; CLK~input ;
; Maximum fan-out                             ; 96        ;
; Total fan-out                               ; 940       ;
; Average fan-out                             ; 2.55      ;
+---------------------------------------------+-----------+


+-----------------------------------------------------------------------------------------------------------------------------------------------------------------------------------------------------------------------------------------+
; Analysis & Synthesis Resource Utilization by Entity                                                                                                                                                                                     ;
+--------------------------------------+---------------------+---------------------------+-------------+--------------+---------+-----------+------+--------------+---------------------------------------+----------------+--------------+
; Compilation Hierarchy Node           ; Combinational ALUTs ; Dedicated Logic Registers ; Memory Bits ; DSP Elements ; DSP 9x9 ; DSP 18x18 ; Pins ; Virtual Pins ; Full Hierarchy Name                   ; Entity Name    ; Library Name ;
+--------------------------------------+---------------------+---------------------------+-------------+--------------+---------+-----------+------+--------------+---------------------------------------+----------------+--------------+
; |main                                ; 189 (133)           ; 96 (60)                   ; 0           ; 0            ; 0       ; 0         ; 42   ; 0            ; |main                                 ; main           ; work         ;
;    |Accumulator:Accumulator_1|       ; 9 (9)               ; 8 (8)                     ; 0           ; 0            ; 0       ; 0         ; 0    ; 0            ; |main|Accumulator:Accumulator_1       ; Accumulator    ; work         ;
;    |AddSubtract:AddSubtract_1|       ; 25 (25)             ; 8 (8)                     ; 0           ; 0            ; 0       ; 0         ; 0    ; 0            ; |main|AddSubtract:AddSubtract_1       ; AddSubtract    ; work         ;
;    |BRegister:Breg_1|                ; 9 (9)               ; 8 (8)                     ; 0           ; 0            ; 0       ; 0         ; 0    ; 0            ; |main|BRegister:Breg_1                ; BRegister      ; work         ;
;    |BUS:Bus_1|                       ; 0 (0)               ; 8 (8)                     ; 0           ; 0            ; 0       ; 0         ; 0    ; 0            ; |main|BUS:Bus_1                       ; BUS            ; work         ;
;    |ProgramCounter:ProgramCounter_1| ; 13 (13)             ; 4 (4)                     ; 0           ; 0            ; 0       ; 0         ; 0    ; 0            ; |main|ProgramCounter:ProgramCounter_1 ; ProgramCounter ; work         ;
+--------------------------------------+---------------------+---------------------------+-------------+--------------+---------+-----------+------+--------------+---------------------------------------+----------------+--------------+
Note: For table entries with two numbers listed, the numbers in parentheses indicate the number of resources of the given type used by the specific entity alone. The numbers listed outside of parentheses indicate the total resources of the given type used by the specific entity and all of its sub-entities in the hierarchy.


+----------------------------------------------------------------------------------------------------+
; User-Specified and Inferred Latches                                                                ;
+-----------------------------------------------------+---------------------+------------------------+
; Latch Name                                          ; Latch Enable Signal ; Free of Timing Hazards ;
+-----------------------------------------------------+---------------------+------------------------+
; curr[0]$latch                                       ; Mux8                ; yes                    ;
; curr[1]$latch                                       ; Mux8                ; yes                    ;
; curr[2]$latch                                       ; Mux8                ; yes                    ;
; curr[3]$latch                                       ; Mux8                ; yes                    ;
; curr[4]$latch                                       ; Mux8                ; yes                    ;
; curr[5]$latch                                       ; Mux8                ; yes                    ;
; curr[6]$latch                                       ; Mux8                ; yes                    ;
; curr[7]$latch                                       ; Mux8                ; yes                    ;
; BRegister:Breg_1|Breg_out[0]                        ; OE_Breg             ; yes                    ;
; Accumulator:Accumulator_1|Acc_out[0]                ; OE_Acc              ; yes                    ;
; ProgramCounter:ProgramCounter_1|PC_out[0]           ; OE_PC               ; yes                    ;
; AddSubtract:AddSubtract_1|ALU_out[0]                ; OE_ALU              ; yes                    ;
; Accumulator:Accumulator_1|Acc_out[1]                ; OE_Acc              ; yes                    ;
; BRegister:Breg_1|Breg_out[1]                        ; OE_Breg             ; yes                    ;
; ProgramCounter:ProgramCounter_1|PC_out[1]           ; OE_PC               ; yes                    ;
; AddSubtract:AddSubtract_1|ALU_out[1]                ; OE_ALU              ; yes                    ;
; BRegister:Breg_1|Breg_out[2]                        ; OE_Breg             ; yes                    ;
; Accumulator:Accumulator_1|Acc_out[2]                ; OE_Acc              ; yes                    ;
; ProgramCounter:ProgramCounter_1|PC_out[2]           ; OE_PC               ; yes                    ;
; AddSubtract:AddSubtract_1|ALU_out[2]                ; OE_ALU              ; yes                    ;
; Accumulator:Accumulator_1|Acc_out[3]                ; OE_Acc              ; yes                    ;
; BRegister:Breg_1|Breg_out[3]                        ; OE_Breg             ; yes                    ;
; ProgramCounter:ProgramCounter_1|PC_out[3]           ; OE_PC               ; yes                    ;
; AddSubtract:AddSubtract_1|ALU_out[3]                ; OE_ALU              ; yes                    ;
; Accumulator:Accumulator_1|Acc_out[4]                ; OE_Acc              ; yes                    ;
; BRegister:Breg_1|Breg_out[4]                        ; OE_Breg             ; yes                    ;
; AddSubtract:AddSubtract_1|ALU_out[4]                ; OE_ALU              ; yes                    ;
; Accumulator:Accumulator_1|Acc_out[5]                ; OE_Acc              ; yes                    ;
; BRegister:Breg_1|Breg_out[5]                        ; OE_Breg             ; yes                    ;
; AddSubtract:AddSubtract_1|ALU_out[5]                ; OE_ALU              ; yes                    ;
; Accumulator:Accumulator_1|Acc_out[6]                ; OE_Acc              ; yes                    ;
; BRegister:Breg_1|Breg_out[6]                        ; OE_Breg             ; yes                    ;
; AddSubtract:AddSubtract_1|ALU_out[6]                ; OE_ALU              ; yes                    ;
; Accumulator:Accumulator_1|Acc_out[7]                ; OE_Acc              ; yes                    ;
; BRegister:Breg_1|Breg_out[7]                        ; OE_Breg             ; yes                    ;
; AddSubtract:AddSubtract_1|ALU_out[7]                ; OE_ALU              ; yes                    ;
; Number of user-specified and inferred latches = 36  ;                     ;                        ;
+-----------------------------------------------------+---------------------+------------------------+
Note: All latches listed above may not be present at the end of synthesis due to various synthesis optimizations.


+------------------------------------------------------+
; General Register Statistics                          ;
+----------------------------------------------+-------+
; Statistic                                    ; Value ;
+----------------------------------------------+-------+
; Total registers                              ; 96    ;
; Number of registers using Synchronous Clear  ; 16    ;
; Number of registers using Synchronous Load   ; 4     ;
; Number of registers using Asynchronous Clear ; 28    ;
; Number of registers using Asynchronous Load  ; 0     ;
; Number of registers using Clock Enable       ; 44    ;
; Number of registers using Preset             ; 0     ;
+----------------------------------------------+-------+


+------------------------------------------------------------------------------------------------------------------------------------------+
; Multiplexer Restructuring Statistics (Restructuring Performed)                                                                           ;
+--------------------+-----------+---------------+----------------------+------------------------+------------+----------------------------+
; Multiplexer Inputs ; Bus Width ; Baseline Area ; Area if Restructured ; Saving if Restructured ; Registered ; Example Multiplexer Output ;
+--------------------+-----------+---------------+----------------------+------------------------+------------+----------------------------+
; 3:1                ; 4 bits    ; 8 LEs         ; 4 LEs                ; 4 LEs                  ; Yes        ; |main|PC_in[0]             ;
; 3:1                ; 8 bits    ; 16 LEs        ; 8 LEs                ; 8 LEs                  ; Yes        ; |main|Breg_in[7]           ;
; 3:1                ; 8 bits    ; 16 LEs        ; 8 LEs                ; 8 LEs                  ; Yes        ; |main|Acc_in[6]            ;
; 6:1                ; 4 bits    ; 16 LEs        ; 12 LEs               ; 4 LEs                  ; Yes        ; |main|Bus_data[2]          ;
; 6:1                ; 4 bits    ; 16 LEs        ; 12 LEs               ; 4 LEs                  ; Yes        ; |main|Bus_data[7]          ;
; 4:1                ; 4 bits    ; 8 LEs         ; 8 LEs                ; 0 LEs                  ; No         ; |main|Mux7                 ;
; 4:1                ; 4 bits    ; 8 LEs         ; 8 LEs                ; 0 LEs                  ; No         ; |main|Mux3                 ;
+--------------------+-----------+---------------+----------------------+------------------------+------------+----------------------------+


+----------------------------------------------------------------------+
; Parameter Settings for User Entity Instance: Top-level Entity: |main ;
+----------------+-------+---------------------------------------------+
; Parameter Name ; Value ; Type                                        ;
+----------------+-------+---------------------------------------------+
; PC             ; 0000  ; Unsigned Binary                             ;
; Acc            ; 0001  ; Unsigned Binary                             ;
; Breg           ; 0010  ; Unsigned Binary                             ;
; ALU            ; 0011  ; Unsigned Binary                             ;
; MAR            ; 0100  ; Unsigned Binary                             ;
; RAM            ; 0101  ; Unsigned Binary                             ;
; IR             ; 0110  ; Unsigned Binary                             ;
; CNTRL          ; 0111  ; Unsigned Binary                             ;
; OR             ; 1000  ; Unsigned Binary                             ;
; BUS            ; 1001  ; Unsigned Binary                             ;
+----------------+-------+---------------------------------------------+
Note: In order to hide this table in the UI and the text report file, please set the "Show Parameter Settings in Synthesis Report" option in "Analysis and Synthesis Settings -> More Settings" to "Off".


+-----------------------------------------------------+
; Post-Synthesis Netlist Statistics for Top Partition ;
+-----------------------+-----------------------------+
; Type                  ; Count                       ;
+-----------------------+-----------------------------+
; boundary_port         ; 42                          ;
; cycloneiii_ff         ; 96                          ;
;     CLR               ; 8                           ;
;     CLR SLD           ; 4                           ;
;     ENA               ; 28                          ;
;     ENA CLR           ; 16                          ;
;     SCLR              ; 16                          ;
;     plain             ; 24                          ;
; cycloneiii_lcell_comb ; 189                         ;
;     arith             ; 23                          ;
;         2 data inputs ; 16                          ;
;         3 data inputs ; 7                           ;
;     normal            ; 166                         ;
;         1 data inputs ; 2                           ;
;         2 data inputs ; 25                          ;
;         3 data inputs ; 72                          ;
;         4 data inputs ; 67                          ;
;                       ;                             ;
; Max LUT depth         ; 8.00                        ;
; Average LUT depth     ; 2.96                        ;
+-----------------------+-----------------------------+


+-------------------------------+
; Elapsed Time Per Partition    ;
+----------------+--------------+
; Partition Name ; Elapsed Time ;
+----------------+--------------+
; Top            ; 00:00:00     ;
+----------------+--------------+


+-------------------------------+
; Analysis & Synthesis Messages ;
+-------------------------------+
Info: *******************************************************************
Info: Running Quartus Prime Analysis & Synthesis
    Info: Version 19.1.0 Build 670 09/22/2019 SJ Lite Edition
    Info: Processing started: Mon Jun 15 18:37:42 2020
Info: Command: quartus_map --read_settings_files=on --write_settings_files=off 8BitComputer -c 8BitComputer
Warning (18236): Number of processors has not been specified which may cause overloading on shared machines.  Set the global assignment NUM_PARALLEL_PROCESSORS in your QSF to an appropriate value for best performance.
Info (20030): Parallel compilation is enabled and will use 4 of the 4 processors detected
Info (12021): Found 1 design units, including 1 entities, in source file ProgramCounter.v
    Info (12023): Found entity 1: ProgramCounter File: /home/tom/Documents/8bit Computer/Quartus/ProgramCounter.v Line: 1
Info (12021): Found 1 design units, including 1 entities, in source file main.sv
    Info (12023): Found entity 1: main File: /home/tom/Documents/8bit Computer/Quartus/main.sv Line: 1
Info (12021): Found 1 design units, including 1 entities, in source file Accumulator.v
    Info (12023): Found entity 1: Accumulator File: /home/tom/Documents/8bit Computer/Quartus/Accumulator.v Line: 1
Info (12021): Found 1 design units, including 1 entities, in source file AddSubtract.v
    Info (12023): Found entity 1: AddSubtract File: /home/tom/Documents/8bit Computer/Quartus/AddSubtract.v Line: 1
Info (12021): Found 1 design units, including 1 entities, in source file BUS.v
    Info (12023): Found entity 1: BUS File: /home/tom/Documents/8bit Computer/Quartus/BUS.v Line: 1
Info (12021): Found 1 design units, including 1 entities, in source file BRegister.v
    Info (12023): Found entity 1: BRegister File: /home/tom/Documents/8bit Computer/Quartus/BRegister.v Line: 1
Info (12021): Found 1 design units, including 1 entities, in source file program_tb.v
    Info (12023): Found entity 1: program_tb File: /home/tom/Documents/8bit Computer/Quartus/program_tb.v Line: 2
Info (12021): Found 1 design units, including 1 entities, in source file registers_tb.v
    Info (12023): Found entity 1: registers_tb File: /home/tom/Documents/8bit Computer/Quartus/registers_tb.v Line: 2
Info (12127): Elaborating entity "main" for the top level hierarchy
Warning (10235): Verilog HDL Always Construct warning at main.sv(124): variable "PC_out" is read inside the Always Construct but isn't in the Always Construct's Event Control File: /home/tom/Documents/8bit Computer/Quartus/main.sv Line: 124
Warning (10235): Verilog HDL Always Construct warning at main.sv(127): variable "Acc_out" is read inside the Always Construct but isn't in the Always Construct's Event Control File: /home/tom/Documents/8bit Computer/Quartus/main.sv Line: 127
Warning (10235): Verilog HDL Always Construct warning at main.sv(130): variable "Breg_out" is read inside the Always Construct but isn't in the Always Construct's Event Control File: /home/tom/Documents/8bit Computer/Quartus/main.sv Line: 130
Warning (10235): Verilog HDL Always Construct warning at main.sv(133): variable "ALU_out" is read inside the Always Construct but isn't in the Always Construct's Event Control File: /home/tom/Documents/8bit Computer/Quartus/main.sv Line: 133
Warning (10270): Verilog HDL Case Statement warning at main.sv(122): incomplete case statement has no default case item File: /home/tom/Documents/8bit Computer/Quartus/main.sv Line: 122
Warning (10240): Verilog HDL Always Construct warning at main.sv(121): inferring latch(es) for variable "curr", which holds its previous value in one or more paths through the always construct File: /home/tom/Documents/8bit Computer/Quartus/main.sv Line: 121
Warning (10230): Verilog HDL assignment warning at main.sv(190): truncated value with size 3 to match size of target (1) File: /home/tom/Documents/8bit Computer/Quartus/main.sv Line: 190
Info (10041): Inferred latch for "curr[0]" at main.sv(121) File: /home/tom/Documents/8bit Computer/Quartus/main.sv Line: 121
Info (10041): Inferred latch for "curr[1]" at main.sv(121) File: /home/tom/Documents/8bit Computer/Quartus/main.sv Line: 121
Info (10041): Inferred latch for "curr[2]" at main.sv(121) File: /home/tom/Documents/8bit Computer/Quartus/main.sv Line: 121
Info (10041): Inferred latch for "curr[3]" at main.sv(121) File: /home/tom/Documents/8bit Computer/Quartus/main.sv Line: 121
Info (10041): Inferred latch for "curr[4]" at main.sv(121) File: /home/tom/Documents/8bit Computer/Quartus/main.sv Line: 121
Info (10041): Inferred latch for "curr[5]" at main.sv(121) File: /home/tom/Documents/8bit Computer/Quartus/main.sv Line: 121
Info (10041): Inferred latch for "curr[6]" at main.sv(121) File: /home/tom/Documents/8bit Computer/Quartus/main.sv Line: 121
Info (10041): Inferred latch for "curr[7]" at main.sv(121) File: /home/tom/Documents/8bit Computer/Quartus/main.sv Line: 121
Info (12128): Elaborating entity "ProgramCounter" for hierarchy "ProgramCounter:ProgramCounter_1" File: /home/tom/Documents/8bit Computer/Quartus/main.sv Line: 65
Warning (10235): Verilog HDL Always Construct warning at ProgramCounter.v(14): variable "PC_in" is read inside the Always Construct but isn't in the Always Construct's Event Control File: /home/tom/Documents/8bit Computer/Quartus/ProgramCounter.v Line: 14
Warning (10240): Verilog HDL Always Construct warning at ProgramCounter.v(12): inferring latch(es) for variable "PC_out", which holds its previous value in one or more paths through the always construct File: /home/tom/Documents/8bit Computer/Quartus/ProgramCounter.v Line: 12
Warning (10230): Verilog HDL assignment warning at ProgramCounter.v(22): truncated value with size 32 to match size of target (4) File: /home/tom/Documents/8bit Computer/Quartus/ProgramCounter.v Line: 22
Info (10041): Inferred latch for "PC_out[0]" at ProgramCounter.v(17) File: /home/tom/Documents/8bit Computer/Quartus/ProgramCounter.v Line: 17
Info (10041): Inferred latch for "PC_out[1]" at ProgramCounter.v(17) File: /home/tom/Documents/8bit Computer/Quartus/ProgramCounter.v Line: 17
Info (10041): Inferred latch for "PC_out[2]" at ProgramCounter.v(17) File: /home/tom/Documents/8bit Computer/Quartus/ProgramCounter.v Line: 17
Info (10041): Inferred latch for "PC_out[3]" at ProgramCounter.v(17) File: /home/tom/Documents/8bit Computer/Quartus/ProgramCounter.v Line: 17
Info (12128): Elaborating entity "Accumulator" for hierarchy "Accumulator:Accumulator_1" File: /home/tom/Documents/8bit Computer/Quartus/main.sv Line: 75
Warning (10240): Verilog HDL Always Construct warning at Accumulator.v(8): inferring latch(es) for variable "Acc_out", which holds its previous value in one or more paths through the always construct File: /home/tom/Documents/8bit Computer/Quartus/Accumulator.v Line: 8
Info (10041): Inferred latch for "Acc_out[0]" at Accumulator.v(9) File: /home/tom/Documents/8bit Computer/Quartus/Accumulator.v Line: 9
Info (10041): Inferred latch for "Acc_out[1]" at Accumulator.v(9) File: /home/tom/Documents/8bit Computer/Quartus/Accumulator.v Line: 9
Info (10041): Inferred latch for "Acc_out[2]" at Accumulator.v(9) File: /home/tom/Documents/8bit Computer/Quartus/Accumulator.v Line: 9
Info (10041): Inferred latch for "Acc_out[3]" at Accumulator.v(9) File: /home/tom/Documents/8bit Computer/Quartus/Accumulator.v Line: 9
Info (10041): Inferred latch for "Acc_out[4]" at Accumulator.v(9) File: /home/tom/Documents/8bit Computer/Quartus/Accumulator.v Line: 9
Info (10041): Inferred latch for "Acc_out[5]" at Accumulator.v(9) File: /home/tom/Documents/8bit Computer/Quartus/Accumulator.v Line: 9
Info (10041): Inferred latch for "Acc_out[6]" at Accumulator.v(9) File: /home/tom/Documents/8bit Computer/Quartus/Accumulator.v Line: 9
Info (10041): Inferred latch for "Acc_out[7]" at Accumulator.v(9) File: /home/tom/Documents/8bit Computer/Quartus/Accumulator.v Line: 9
Info (12128): Elaborating entity "BRegister" for hierarchy "BRegister:Breg_1" File: /home/tom/Documents/8bit Computer/Quartus/main.sv Line: 85
Warning (10240): Verilog HDL Always Construct warning at BRegister.v(8): inferring latch(es) for variable "Breg_out", which holds its previous value in one or more paths through the always construct File: /home/tom/Documents/8bit Computer/Quartus/BRegister.v Line: 8
Info (10041): Inferred latch for "Breg_out[0]" at BRegister.v(9) File: /home/tom/Documents/8bit Computer/Quartus/BRegister.v Line: 9
Info (10041): Inferred latch for "Breg_out[1]" at BRegister.v(9) File: /home/tom/Documents/8bit Computer/Quartus/BRegister.v Line: 9
Info (10041): Inferred latch for "Breg_out[2]" at BRegister.v(9) File: /home/tom/Documents/8bit Computer/Quartus/BRegister.v Line: 9
Info (10041): Inferred latch for "Breg_out[3]" at BRegister.v(9) File: /home/tom/Documents/8bit Computer/Quartus/BRegister.v Line: 9
Info (10041): Inferred latch for "Breg_out[4]" at BRegister.v(9) File: /home/tom/Documents/8bit Computer/Quartus/BRegister.v Line: 9
Info (10041): Inferred latch for "Breg_out[5]" at BRegister.v(9) File: /home/tom/Documents/8bit Computer/Quartus/BRegister.v Line: 9
Info (10041): Inferred latch for "Breg_out[6]" at BRegister.v(9) File: /home/tom/Documents/8bit Computer/Quartus/BRegister.v Line: 9
Info (10041): Inferred latch for "Breg_out[7]" at BRegister.v(9) File: /home/tom/Documents/8bit Computer/Quartus/BRegister.v Line: 9
Info (12128): Elaborating entity "AddSubtract" for hierarchy "AddSubtract:AddSubtract_1" File: /home/tom/Documents/8bit Computer/Quartus/main.sv Line: 94
Warning (10235): Verilog HDL Always Construct warning at AddSubtract.v(10): variable "OE" is read inside the Always Construct but isn't in the Always Construct's Event Control File: /home/tom/Documents/8bit Computer/Quartus/AddSubtract.v Line: 10
Warning (10240): Verilog HDL Always Construct warning at AddSubtract.v(9): inferring latch(es) for variable "ALU_out", which holds its previous value in one or more paths through the always construct File: /home/tom/Documents/8bit Computer/Quartus/AddSubtract.v Line: 9
Warning (10230): Verilog HDL assignment warning at AddSubtract.v(14): truncated value with size 32 to match size of target (8) File: /home/tom/Documents/8bit Computer/Quartus/AddSubtract.v Line: 14
Info (10041): Inferred latch for "ALU_out[0]" at AddSubtract.v(9) File: /home/tom/Documents/8bit Computer/Quartus/AddSubtract.v Line: 9
Info (10041): Inferred latch for "ALU_out[1]" at AddSubtract.v(9) File: /home/tom/Documents/8bit Computer/Quartus/AddSubtract.v Line: 9
Info (10041): Inferred latch for "ALU_out[2]" at AddSubtract.v(9) File: /home/tom/Documents/8bit Computer/Quartus/AddSubtract.v Line: 9
Info (10041): Inferred latch for "ALU_out[3]" at AddSubtract.v(9) File: /home/tom/Documents/8bit Computer/Quartus/AddSubtract.v Line: 9
Info (10041): Inferred latch for "ALU_out[4]" at AddSubtract.v(9) File: /home/tom/Documents/8bit Computer/Quartus/AddSubtract.v Line: 9
Info (10041): Inferred latch for "ALU_out[5]" at AddSubtract.v(9) File: /home/tom/Documents/8bit Computer/Quartus/AddSubtract.v Line: 9
Info (10041): Inferred latch for "ALU_out[6]" at AddSubtract.v(9) File: /home/tom/Documents/8bit Computer/Quartus/AddSubtract.v Line: 9
Info (10041): Inferred latch for "ALU_out[7]" at AddSubtract.v(9) File: /home/tom/Documents/8bit Computer/Quartus/AddSubtract.v Line: 9
Info (12128): Elaborating entity "BUS" for hierarchy "BUS:Bus_1" File: /home/tom/Documents/8bit Computer/Quartus/main.sv Line: 101
Info (286030): Timing-Driven Synthesis is running
Info (16010): Generating hard_block partition "hard_block:auto_generated_inst"
    Info (16011): Adding 0 node(s), including 0 DDIO, 0 PLL, 0 transceiver and 0 LCELL
Info (21057): Implemented 268 device resources after synthesis - the final resource count might be different
    Info (21058): Implemented 21 input pins
    Info (21059): Implemented 21 output pins
    Info (21061): Implemented 226 logic cells
Info: Quartus Prime Analysis & Synthesis was successful. 0 errors, 16 warnings
    Info: Peak virtual memory: 980 megabytes
    Info: Processing ended: Mon Jun 15 18:37:50 2020
    Info: Elapsed time: 00:00:08
    Info: Total CPU time (on all processors): 00:00:13


